[02-Dec-2025 11:19:17 Asia/Manila] PHP Warning:  ini_set(): Session ini settings cannot be changed when a session is active in C:\xampp\htdocs\RENTCONNECT(2)\functions\config.php on line 21
[02-Dec-2025 11:19:17 Asia/Manila] PHP Warning:  ini_set(): Session ini settings cannot be changed when a session is active in C:\xampp\htdocs\RENTCONNECT(2)\functions\config.php on line 22
[02-Dec-2025 11:19:17 Asia/Manila] PHP Warning:  ini_set(): Session ini settings cannot be changed when a session is active in C:\xampp\htdocs\RENTCONNECT(2)\functions\config.php on line 23
[02-Dec-2025 11:25:18 Asia/Manila] PHP Warning:  ini_set(): Session ini settings cannot be changed when a session is active in C:\xampp\htdocs\RENTCONNECT(2)\functions\config.php on line 21
[02-Dec-2025 11:25:18 Asia/Manila] PHP Warning:  ini_set(): Session ini settings cannot be changed when a session is active in C:\xampp\htdocs\RENTCONNECT(2)\functions\config.php on line 22
[02-Dec-2025 11:25:18 Asia/Manila] PHP Warning:  ini_set(): Session ini settings cannot be changed when a session is active in C:\xampp\htdocs\RENTCONNECT(2)\functions\config.php on line 23
[02-Dec-2025 11:25:58 Asia/Manila] PHP Warning:  ini_set(): Session ini settings cannot be changed when a session is active in C:\xampp\htdocs\RENTCONNECT(2)\functions\config.php on line 21
[02-Dec-2025 11:25:58 Asia/Manila] PHP Warning:  ini_set(): Session ini settings cannot be changed when a session is active in C:\xampp\htdocs\RENTCONNECT(2)\functions\config.php on line 22
[02-Dec-2025 11:25:58 Asia/Manila] PHP Warning:  ini_set(): Session ini settings cannot be changed when a session is active in C:\xampp\htdocs\RENTCONNECT(2)\functions\config.php on line 23
[02-Dec-2025 11:26:01 Asia/Manila] PHP Warning:  ini_set(): Session ini settings cannot be changed when a session is active in C:\xampp\htdocs\RENTCONNECT(2)\functions\config.php on line 21
[02-Dec-2025 11:26:01 Asia/Manila] PHP Warning:  ini_set(): Session ini settings cannot be changed when a session is active in C:\xampp\htdocs\RENTCONNECT(2)\functions\config.php on line 22
[02-Dec-2025 11:26:01 Asia/Manila] PHP Warning:  ini_set(): Session ini settings cannot be changed when a session is active in C:\xampp\htdocs\RENTCONNECT(2)\functions\config.php on line 23
[02-Dec-2025 11:30:38 Asia/Manila] PHP Warning:  ini_set(): Session ini settings cannot be changed when a session is active in C:\xampp\htdocs\RENTCONNECT(2)\functions\config.php on line 21
[02-Dec-2025 11:30:38 Asia/Manila] PHP Warning:  ini_set(): Session ini settings cannot be changed when a session is active in C:\xampp\htdocs\RENTCONNECT(2)\functions\config.php on line 22
[02-Dec-2025 11:30:38 Asia/Manila] PHP Warning:  ini_set(): Session ini settings cannot be changed when a session is active in C:\xampp\htdocs\RENTCONNECT(2)\functions\config.php on line 23
[02-Dec-2025 11:31:42 Asia/Manila] PHP Warning:  ini_set(): Session ini settings cannot be changed when a session is active in C:\xampp\htdocs\RENTCONNECT(2)\functions\config.php on line 21
[02-Dec-2025 11:31:42 Asia/Manila] PHP Warning:  ini_set(): Session ini settings cannot be changed when a session is active in C:\xampp\htdocs\RENTCONNECT(2)\functions\config.php on line 22
[02-Dec-2025 11:31:42 Asia/Manila] PHP Warning:  ini_set(): Session ini settings cannot be changed when a session is active in C:\xampp\htdocs\RENTCONNECT(2)\functions\config.php on line 23
[02-Dec-2025 11:31:42 Asia/Manila] === Profile Picture Upload Debug ===
[02-Dec-2025 11:31:42 Asia/Manila] User ID: 1
[02-Dec-2025 11:31:42 Asia/Manila] POST data: Array
(
)

[02-Dec-2025 11:31:42 Asia/Manila] FILES data: Array
(
)

[02-Dec-2025 11:31:53 Asia/Manila] PHP Warning:  ini_set(): Session ini settings cannot be changed when a session is active in C:\xampp\htdocs\RENTCONNECT(2)\functions\config.php on line 21
[02-Dec-2025 11:31:53 Asia/Manila] PHP Warning:  ini_set(): Session ini settings cannot be changed when a session is active in C:\xampp\htdocs\RENTCONNECT(2)\functions\config.php on line 22
[02-Dec-2025 11:31:53 Asia/Manila] PHP Warning:  ini_set(): Session ini settings cannot be changed when a session is active in C:\xampp\htdocs\RENTCONNECT(2)\functions\config.php on line 23
[02-Dec-2025 11:31:53 Asia/Manila] === Profile Picture Upload Debug ===
[02-Dec-2025 11:31:53 Asia/Manila] User ID: 1
[02-Dec-2025 11:31:53 Asia/Manila] POST data: Array
(
)

[02-Dec-2025 11:31:53 Asia/Manila] FILES data: Array
(
    [profile_picture] => Array
        (
            [name] => rain2.jpg
            [full_path] => rain2.jpg
            [type] => image/jpeg
            [tmp_name] => C:\xampp\tmp\php88A6.tmp
            [error] => 0
            [size] => 349043
        )

)

[02-Dec-2025 11:31:53 Asia/Manila] Upload directory: C:\xampp\htdocs\RENTCONNECT(2)\uploads\profiles
[02-Dec-2025 11:31:53 Asia/Manila] Attempting to save to: ../uploads/profiles/profile_1_692e5da9863eb.jpg
[02-Dec-2025 11:31:53 Asia/Manila] File saved successfully to: ../uploads/profiles/profile_1_692e5da9863eb.jpg
[02-Dec-2025 11:31:53 Asia/Manila] Database updated successfully
[02-Dec-2025 11:32:12 Asia/Manila] PHP Warning:  ini_set(): Session ini settings cannot be changed when a session is active in C:\xampp\htdocs\RENTCONNECT(2)\functions\config.php on line 21
[02-Dec-2025 11:32:12 Asia/Manila] PHP Warning:  ini_set(): Session ini settings cannot be changed when a session is active in C:\xampp\htdocs\RENTCONNECT(2)\functions\config.php on line 22
[02-Dec-2025 11:32:12 Asia/Manila] PHP Warning:  ini_set(): Session ini settings cannot be changed when a session is active in C:\xampp\htdocs\RENTCONNECT(2)\functions\config.php on line 23
[02-Dec-2025 11:32:12 Asia/Manila] === Profile Picture Upload Debug ===
[02-Dec-2025 11:32:12 Asia/Manila] User ID: 1
[02-Dec-2025 11:32:12 Asia/Manila] POST data: Array
(
)

[02-Dec-2025 11:32:12 Asia/Manila] FILES data: Array
(
    [profile_picture] => Array
        (
            [name] => 212b6778-88d3-4787-ad2e-a4f07e373ca4.jpg
            [full_path] => 212b6778-88d3-4787-ad2e-a4f07e373ca4.jpg
            [type] => image/jpeg
            [tmp_name] => C:\xampp\tmp\phpD31D.tmp
            [error] => 0
            [size] => 810816
        )

)

[02-Dec-2025 11:32:12 Asia/Manila] Upload directory: C:\xampp\htdocs\RENTCONNECT(2)\uploads\profiles
[02-Dec-2025 11:32:12 Asia/Manila] Attempting to save to: ../uploads/profiles/profile_1_692e5dbc964bc.jpg
[02-Dec-2025 11:32:12 Asia/Manila] File saved successfully to: ../uploads/profiles/profile_1_692e5dbc964bc.jpg
[02-Dec-2025 11:32:12 Asia/Manila] Database updated successfully
[02-Dec-2025 11:32:12 Asia/Manila] Deleted old picture: uploads/profiles/profile_1_692e5da9863eb.jpg
[02-Dec-2025 11:33:03 Asia/Manila] PHP Warning:  ini_set(): Session ini settings cannot be changed when a session is active in C:\xampp\htdocs\RENTCONNECT(2)\functions\config.php on line 21
[02-Dec-2025 11:33:03 Asia/Manila] PHP Warning:  ini_set(): Session ini settings cannot be changed when a session is active in C:\xampp\htdocs\RENTCONNECT(2)\functions\config.php on line 22
[02-Dec-2025 11:33:03 Asia/Manila] PHP Warning:  ini_set(): Session ini settings cannot be changed when a session is active in C:\xampp\htdocs\RENTCONNECT(2)\functions\config.php on line 23
[02-Dec-2025 11:33:06 Asia/Manila] PHP Warning:  ini_set(): Session ini settings cannot be changed when a session is active in C:\xampp\htdocs\RENTCONNECT(2)\functions\config.php on line 21
[02-Dec-2025 11:33:06 Asia/Manila] PHP Warning:  ini_set(): Session ini settings cannot be changed when a session is active in C:\xampp\htdocs\RENTCONNECT(2)\functions\config.php on line 22
[02-Dec-2025 11:33:06 Asia/Manila] PHP Warning:  ini_set(): Session ini settings cannot be changed when a session is active in C:\xampp\htdocs\RENTCONNECT(2)\functions\config.php on line 23
